<?xml version="1.0" encoding="UTF-8"?>
<testsuites name="Craferia_MyAccount_test_004" time="23.493" tests="1" failures="0" errors="0">
   <testsuite name="Craferia_MyAccount_test_004" tests="1" failures="0" errors="0" time="23.493" skipped="0" timestamp="19-02-2024T22:45:33" hostname="Asus - LAPTOP-IGM6NPC4" id="Test Suites/Craferia_test_suite/Craferia_MyAccount_test_004">
      <properties>
         <property name="deviceName" value=""/>
         <property name="devicePlatform" value=""/>
         <property name="logFolder" value="C:\\Users\\Asus\\git\\smartproject\\Reports\\20240219_224235\\Craferia_test_suite\\Craferia_MyAccount_test_004\\20240219_224252"/>
         <property name="logFiles" value="C:\\Users\\Asus\\git\\smartproject\\Reports\\20240219_224235\\Craferia_test_suite\\Craferia_MyAccount_test_004\\20240219_224252\\execution0.log"/>
         <property name="attachments" value=""/>
         <property name="hostName" value="Asus - LAPTOP-IGM6NPC4"/>
         <property name="os" value="Windows 11 64bit"/>
         <property name="katalonVersion" value="9.2.0.212"/>
         <property name="browser" value="Edge Chromium 121"/>
         <property name="hostAddress" value="192.168.0.106"/>
         <property name="sessionId" value="86e87fc10054760d97f6447a2f1e3f23"/>
         <property name="seleniumVersion" value="3.141.59"/>
         <property name="proxyInformation" value="ProxyInformation { proxyOption=NO_PROXY, proxyServerType=HTTP, username=, password=********, proxyServerAddress=, proxyServerPort=0, executionList=&quot;&quot;, isApplyToDesiredCapabilities=true }"/>
         <property name="platform" value="Windows 11"/>
      </properties>
      <testcase name="Test Cases/testcase_004" time="22.937" classname="Test Cases/testcase_004" status="PASSED">
         <system-out><![CDATA[19-02-2024T22:45:34 - [TEST_CASE][PASSED] - Test Cases/testcase_004: Test Cases/testcase_004

19-02-2024T22:45:34 - [TEST_STEP][PASSED] - Start listener action : sampleBeforeTestCase: null

19-02-2024T22:45:34 - [TEST_STEP][PASSED] - println(testCaseContext.getTestCaseId()): null

19-02-2024T22:45:34 - [TEST_STEP][PASSED] - println(testCaseContext.getTestCaseVariables()): null

19-02-2024T22:45:34 - [TEST_STEP][PASSED] - openBrowser(""): Browser is opened with url: ''

19-02-2024T22:45:35 - [MESSAGE][INFO] - Starting 'Edge Chromium' driver

19-02-2024T22:45:35 - [MESSAGE][INFO] - Action delay is set to 0 milliseconds

19-02-2024T22:45:38 - [MESSAGE][PASSED] - Browser is opened with url: ''

19-02-2024T22:45:38 - [TEST_STEP][PASSED] - navigateToUrl("https://craferia.com/"): Navigate to 'https://craferia.com/' successfully

19-02-2024T22:45:43 - [MESSAGE][PASSED] - Navigate to 'https://craferia.com/' successfully

19-02-2024T22:45:43 - [TEST_STEP][PASSED] - click(findTestObject("Object Repository/Page_Handicrafts Online, Indian Handicraft _c8b31e/a_Mudha")): Object: 'Object Repository/Page_Handicrafts Online, Indian Handicraft _c8b31e/a_Mudha' is clicked on

19-02-2024T22:45:44 - [MESSAGE][PASSED] - Object: 'Object Repository/Page_Handicrafts Online, Indian Handicraft _c8b31e/a_Mudha' is clicked on

19-02-2024T22:45:44 - [TEST_STEP][PASSED] - verifyElementPresent(findTestObject("Object Repository/Page_Mudda, Mudha Set  Furniture by Craferia/a_Mudha Stools"), 0): Object 'Object Repository/Page_Mudda, Mudha Set  Furniture by Craferia/a_Mudha Stools' is present

19-02-2024T22:45:44 - [MESSAGE][WARNING] - Timeout '0' is invalid. Using default page load timeout: '30'

19-02-2024T22:45:45 - [MESSAGE][PASSED] - Object 'Object Repository/Page_Mudda, Mudha Set  Furniture by Craferia/a_Mudha Stools' is present

19-02-2024T22:45:45 - [TEST_STEP][PASSED] - click(findTestObject("Object Repository/Page_Mudda, Mudha Set  Furniture by Craferia/h2_Mudha Stools (3)")): Object: 'Object Repository/Page_Mudda, Mudha Set  Furniture by Craferia/h2_Mudha Stools (3)' is clicked on

19-02-2024T22:45:46 - [MESSAGE][PASSED] - Object: 'Object Repository/Page_Mudda, Mudha Set  Furniture by Craferia/h2_Mudha Stools (3)' is clicked on

19-02-2024T22:45:46 - [TEST_STEP][PASSED] - click(findTestObject("Object Repository/Page_Mudda  Mudha Stools by Craferia/a_Select options")): Object: 'Object Repository/Page_Mudda  Mudha Stools by Craferia/a_Select options' is clicked on

19-02-2024T22:45:48 - [MESSAGE][PASSED] - Object: 'Object Repository/Page_Mudda  Mudha Stools by Craferia/a_Select options' is clicked on

19-02-2024T22:45:48 - [TEST_STEP][PASSED] - click(findTestObject("Object Repository/Page_Buy Round Handmade Bamboo Mudha Stool _bc0b82/p_5 in stock")): Object: 'Object Repository/Page_Buy Round Handmade Bamboo Mudha Stool _bc0b82/p_5 in stock' is clicked on

19-02-2024T22:45:53 - [MESSAGE][PASSED] - Object: 'Object Repository/Page_Buy Round Handmade Bamboo Mudha Stool _bc0b82/p_5 in stock' is clicked on

19-02-2024T22:45:53 - [TEST_STEP][PASSED] - verifyElementText(findTestObject("Object Repository/Page_Buy Round Handmade Bamboo Mudha Stool _bc0b82/p_5 in stock"), "5 in stock"): Actual text and expected text of test object 'Object Repository/Page_Buy Round Handmade Bamboo Mudha Stool _bc0b82/p_5 in stock' are matched.

19-02-2024T22:45:53 - [MESSAGE][PASSED] - Actual text and expected text of test object 'Object Repository/Page_Buy Round Handmade Bamboo Mudha Stool _bc0b82/p_5 in stock' are matched.

19-02-2024T22:45:53 - [TEST_STEP][PASSED] - click(findTestObject("Object Repository/Page_Buy Round Handmade Bamboo Mudha Stool _bc0b82/span_1,500.00")): Object: 'Object Repository/Page_Buy Round Handmade Bamboo Mudha Stool _bc0b82/span_1,500.00' is clicked on

19-02-2024T22:45:54 - [MESSAGE][PASSED] - Object: 'Object Repository/Page_Buy Round Handmade Bamboo Mudha Stool _bc0b82/span_1,500.00' is clicked on

19-02-2024T22:45:54 - [TEST_STEP][PASSED] - verifyElementPresent(findTestObject("Object Repository/Page_Buy Round Handmade Bamboo Mudha Stool _bc0b82/span_1,500.00"), 0): Object 'Object Repository/Page_Buy Round Handmade Bamboo Mudha Stool _bc0b82/span_1,500.00' is present

19-02-2024T22:45:54 - [MESSAGE][WARNING] - Timeout '0' is invalid. Using default page load timeout: '30'

19-02-2024T22:45:54 - [MESSAGE][PASSED] - Object 'Object Repository/Page_Buy Round Handmade Bamboo Mudha Stool _bc0b82/span_1,500.00' is present

19-02-2024T22:45:54 - [TEST_STEP][PASSED] - click(findTestObject("Object Repository/Page_Buy Round Handmade Bamboo Mudha Stool _bc0b82/a_")): Object: 'Object Repository/Page_Buy Round Handmade Bamboo Mudha Stool _bc0b82/a_' is clicked on

19-02-2024T22:45:55 - [MESSAGE][PASSED] - Object: 'Object Repository/Page_Buy Round Handmade Bamboo Mudha Stool _bc0b82/a_' is clicked on

19-02-2024T22:45:55 - [TEST_STEP][PASSED] - doubleClick(findTestObject("Object Repository/Page_Buy Round Handmade Bamboo Mudha Stool _bc0b82/img_pswp__img")): Object: 'Object Repository/Page_Buy Round Handmade Bamboo Mudha Stool _bc0b82/img_pswp__img' is double clicked on

19-02-2024T22:45:56 - [MESSAGE][PASSED] - Object: 'Object Repository/Page_Buy Round Handmade Bamboo Mudha Stool _bc0b82/img_pswp__img' is double clicked on

19-02-2024T22:45:56 - [TEST_STEP][PASSED] - doubleClick(findTestObject("Object Repository/Page_Buy Round Handmade Bamboo Mudha Stool _bc0b82/button_pswp__button pswp__button--arrow--left")): Object: 'Object Repository/Page_Buy Round Handmade Bamboo Mudha Stool _bc0b82/button_pswp__button pswp__button--arrow--left' is double clicked on

19-02-2024T22:45:56 - [MESSAGE][PASSED] - Object: 'Object Repository/Page_Buy Round Handmade Bamboo Mudha Stool _bc0b82/button_pswp__button pswp__button--arrow--left' is double clicked on

19-02-2024T22:45:56 - [TEST_STEP][PASSED] - closeBrowser(): Browser is closed

19-02-2024T22:45:57 - [MESSAGE][PASSED] - Browser is closed

19-02-2024T22:45:57 - [TEST_STEP][PASSED] - Start listener action : sampleAfterTestCase: null

19-02-2024T22:45:57 - [TEST_STEP][PASSED] - println(testCaseContext.getTestCaseId()): null

19-02-2024T22:45:57 - [TEST_STEP][PASSED] - println(testCaseContext.getTestCaseStatus()): null]]></system-out>
         <system-err><![CDATA[]]></system-err>
      </testcase>
      <system-out><![CDATA[19-02-2024T22:45:33 - [TEST_SUITE][PASSED] - Craferia_MyAccount_test_004: Test Cases/testcase_004]]></system-out>
      <system-err><![CDATA[]]></system-err>
   </testsuite>
</testsuites>
