<?xml version="1.0" encoding="UTF-8"?>
<testsuites name="Craferia_MyAccount_test_002" time="33.072" tests="1" failures="0" errors="0">
   <testsuite name="Craferia_MyAccount_test_002" tests="1" failures="0" errors="0" time="33.072" skipped="0" timestamp="19-02-2024T22:43:54" hostname="Asus - LAPTOP-IGM6NPC4" id="Test Suites/Craferia_test_suite/Craferia_MyAccount_test_002">
      <properties>
         <property name="deviceName" value=""/>
         <property name="devicePlatform" value=""/>
         <property name="logFolder" value="C:\\Users\\Asus\\git\\smartproject\\Reports\\20240219_224235\\Craferia_test_suite\\Craferia_MyAccount_test_002\\20240219_224244"/>
         <property name="logFiles" value="C:\\Users\\Asus\\git\\smartproject\\Reports\\20240219_224235\\Craferia_test_suite\\Craferia_MyAccount_test_002\\20240219_224244\\execution0.log"/>
         <property name="attachments" value=""/>
         <property name="hostName" value="Asus - LAPTOP-IGM6NPC4"/>
         <property name="os" value="Windows 11 64bit"/>
         <property name="katalonVersion" value="9.2.0.212"/>
         <property name="browser" value="Edge Chromium 121"/>
         <property name="hostAddress" value="192.168.0.106"/>
         <property name="sessionId" value="f4021f300b50b007909bc6f6adfd13b0"/>
         <property name="seleniumVersion" value="3.141.59"/>
         <property name="proxyInformation" value="ProxyInformation { proxyOption=NO_PROXY, proxyServerType=HTTP, username=, password=********, proxyServerAddress=, proxyServerPort=0, executionList=&quot;&quot;, isApplyToDesiredCapabilities=true }"/>
         <property name="platform" value="Windows 11"/>
      </properties>
      <testcase name="Test Cases/testcase_002" time="32.524" classname="Test Cases/testcase_002" status="PASSED">
         <system-out><![CDATA[19-02-2024T22:43:54 - [TEST_CASE][PASSED] - Test Cases/testcase_002: Test Cases/testcase_002

19-02-2024T22:43:55 - [TEST_STEP][PASSED] - Start listener action : sampleBeforeTestCase: null

19-02-2024T22:43:55 - [TEST_STEP][PASSED] - println(testCaseContext.getTestCaseId()): null

19-02-2024T22:43:55 - [TEST_STEP][PASSED] - println(testCaseContext.getTestCaseVariables()): null

19-02-2024T22:43:55 - [TEST_STEP][PASSED] - openBrowser(""): Browser is opened with url: ''

19-02-2024T22:43:56 - [MESSAGE][INFO] - Starting 'Edge Chromium' driver

19-02-2024T22:43:56 - [MESSAGE][INFO] - Action delay is set to 0 milliseconds

19-02-2024T22:44:00 - [MESSAGE][PASSED] - Browser is opened with url: ''

19-02-2024T22:44:00 - [TEST_STEP][PASSED] - navigateToUrl("https://craferia.com/"): Navigate to 'https://craferia.com/' successfully

19-02-2024T22:44:14 - [MESSAGE][PASSED] - Navigate to 'https://craferia.com/' successfully

19-02-2024T22:44:14 - [TEST_STEP][PASSED] - setText(findTestObject("Object Repository/Page_Handicrafts Online, Indian Handicraft _c8b31e/input_s"), "bamboo"): Text 'bamboo' is set on object 'Object Repository/Page_Handicrafts Online, Indian Handicraft _c8b31e/input_s'

19-02-2024T22:44:15 - [MESSAGE][PASSED] - Text 'bamboo' is set on object 'Object Repository/Page_Handicrafts Online, Indian Handicraft _c8b31e/input_s'

19-02-2024T22:44:15 - [TEST_STEP][PASSED] - sendKeys(findTestObject("Object Repository/Page_Handicrafts Online, Indian Handicraft _c8b31e/input_s"), Keys.chord(ENTER)): Keys 'ENTER + ' sent to object: 'Object Repository/Page_Handicrafts Online, Indian Handicraft _c8b31e/input_s'

19-02-2024T22:44:16 - [MESSAGE][PASSED] - Keys 'ENTER + ' sent to object: 'Object Repository/Page_Handicrafts Online, Indian Handicraft _c8b31e/input_s'

19-02-2024T22:44:16 - [TEST_STEP][PASSED] - click(findTestObject("Object Repository/Page_You searched for bamboo - Handicrafts _82fa81/img_attachment-woocommerce_thumbnail size-w_8f6098")): Object: 'Object Repository/Page_You searched for bamboo - Handicrafts _82fa81/img_attachment-woocommerce_thumbnail size-w_8f6098' is clicked on

19-02-2024T22:44:19 - [MESSAGE][PASSED] - Object: 'Object Repository/Page_You searched for bamboo - Handicrafts _82fa81/img_attachment-woocommerce_thumbnail size-w_8f6098' is clicked on

19-02-2024T22:44:19 - [TEST_STEP][PASSED] - click(findTestObject("Object Repository/Page_Buy Eco-friendly Bamboo Chair table so_096b9e/span_wmc-current-currency")): Object: 'Object Repository/Page_Buy Eco-friendly Bamboo Chair table so_096b9e/span_wmc-current-currency' is clicked on

19-02-2024T22:44:20 - [MESSAGE][PASSED] - Object: 'Object Repository/Page_Buy Eco-friendly Bamboo Chair table so_096b9e/span_wmc-current-currency' is clicked on

19-02-2024T22:44:20 - [TEST_STEP][PASSED] - click(findTestObject("Object Repository/Page_Buy Eco-friendly Bamboo Chair table so_096b9e/i_vi-flag-64 flag-us")): Object: 'Object Repository/Page_Buy Eco-friendly Bamboo Chair table so_096b9e/i_vi-flag-64 flag-us' is clicked on

19-02-2024T22:44:21 - [MESSAGE][PASSED] - Object: 'Object Repository/Page_Buy Eco-friendly Bamboo Chair table so_096b9e/i_vi-flag-64 flag-us' is clicked on

19-02-2024T22:44:21 - [TEST_STEP][PASSED] - click(findTestObject("Object Repository/Page_Buy Eco-friendly Bamboo Chair table so_096b9e/span_wmc-current-currency")): Object: 'Object Repository/Page_Buy Eco-friendly Bamboo Chair table so_096b9e/span_wmc-current-currency' is clicked on

19-02-2024T22:44:22 - [MESSAGE][PASSED] - Object: 'Object Repository/Page_Buy Eco-friendly Bamboo Chair table so_096b9e/span_wmc-current-currency' is clicked on

19-02-2024T22:44:22 - [TEST_STEP][PASSED] - click(findTestObject("Object Repository/Page_Buy Eco-friendly Bamboo Chair table so_096b9e/span_wmc-current-currency")): Object: 'Object Repository/Page_Buy Eco-friendly Bamboo Chair table so_096b9e/span_wmc-current-currency' is clicked on

19-02-2024T22:44:22 - [MESSAGE][PASSED] - Object: 'Object Repository/Page_Buy Eco-friendly Bamboo Chair table so_096b9e/span_wmc-current-currency' is clicked on

19-02-2024T22:44:22 - [TEST_STEP][PASSED] - click(findTestObject("Object Repository/Page_Buy Eco-friendly Bamboo Chair table so_096b9e/span_wmc-current-currency")): Object: 'Object Repository/Page_Buy Eco-friendly Bamboo Chair table so_096b9e/span_wmc-current-currency' is clicked on

19-02-2024T22:44:22 - [MESSAGE][PASSED] - Object: 'Object Repository/Page_Buy Eco-friendly Bamboo Chair table so_096b9e/span_wmc-current-currency' is clicked on

19-02-2024T22:44:22 - [TEST_STEP][PASSED] - doubleClick(findTestObject("Object Repository/Page_Buy Eco-friendly Bamboo Chair table so_096b9e/span_wmc-current-currency")): Object: 'Object Repository/Page_Buy Eco-friendly Bamboo Chair table so_096b9e/span_wmc-current-currency' is double clicked on

19-02-2024T22:44:23 - [MESSAGE][PASSED] - Object: 'Object Repository/Page_Buy Eco-friendly Bamboo Chair table so_096b9e/span_wmc-current-currency' is double clicked on

19-02-2024T22:44:23 - [TEST_STEP][PASSED] - rightClick(findTestObject("Object Repository/Page_Buy Eco-friendly Bamboo Chair table so_096b9e/span_wmc-current-currency")): Object: 'Object Repository/Page_Buy Eco-friendly Bamboo Chair table so_096b9e/span_wmc-current-currency' is right clicked on

19-02-2024T22:44:24 - [MESSAGE][PASSED] - Object: 'Object Repository/Page_Buy Eco-friendly Bamboo Chair table so_096b9e/span_wmc-current-currency' is right clicked on

19-02-2024T22:44:24 - [TEST_STEP][PASSED] - click(findTestObject("Object Repository/Page_Buy Eco-friendly Bamboo Chair table so_096b9e/button_Add to cart")): Object: 'Object Repository/Page_Buy Eco-friendly Bamboo Chair table so_096b9e/button_Add to cart' is clicked on

19-02-2024T22:44:25 - [MESSAGE][PASSED] - Object: 'Object Repository/Page_Buy Eco-friendly Bamboo Chair table so_096b9e/button_Add to cart' is clicked on

19-02-2024T22:44:25 - [TEST_STEP][PASSED] - click(findTestObject("Object Repository/Page_Buy Eco-friendly Bamboo Chair table so_096b9e/span_wmc-current-currency")): Object: 'Object Repository/Page_Buy Eco-friendly Bamboo Chair table so_096b9e/span_wmc-current-currency' is clicked on

19-02-2024T22:44:26 - [MESSAGE][PASSED] - Object: 'Object Repository/Page_Buy Eco-friendly Bamboo Chair table so_096b9e/span_wmc-current-currency' is clicked on

19-02-2024T22:44:26 - [TEST_STEP][PASSED] - click(findTestObject("Object Repository/Page_Buy Eco-friendly Bamboo Chair table so_096b9e/a_Dismiss")): Object: 'Object Repository/Page_Buy Eco-friendly Bamboo Chair table so_096b9e/a_Dismiss' is clicked on

19-02-2024T22:44:26 - [MESSAGE][PASSED] - Object: 'Object Repository/Page_Buy Eco-friendly Bamboo Chair table so_096b9e/a_Dismiss' is clicked on

19-02-2024T22:44:26 - [TEST_STEP][PASSED] - closeBrowser(): Browser is closed

19-02-2024T22:44:27 - [MESSAGE][PASSED] - Browser is closed

19-02-2024T22:44:27 - [TEST_STEP][PASSED] - Start listener action : sampleAfterTestCase: null

19-02-2024T22:44:27 - [TEST_STEP][PASSED] - println(testCaseContext.getTestCaseId()): null

19-02-2024T22:44:27 - [TEST_STEP][PASSED] - println(testCaseContext.getTestCaseStatus()): null]]></system-out>
         <system-err><![CDATA[]]></system-err>
      </testcase>
      <system-out><![CDATA[19-02-2024T22:43:54 - [TEST_SUITE][PASSED] - Craferia_MyAccount_test_002: Test Cases/testcase_002]]></system-out>
      <system-err><![CDATA[]]></system-err>
   </testsuite>
</testsuites>
