<?xml version="1.0" encoding="UTF-8"?>
<testsuites name="Craferia_MyAccount_test_003" time="52.366" tests="1" failures="0" errors="0">
   <testsuite name="Craferia_MyAccount_test_003" tests="1" failures="0" errors="0" time="52.366" skipped="0" timestamp="19-02-2024T17:51:33" hostname="Asus - LAPTOP-IGM6NPC4" id="Test Suites/Craferia_test_suite/Craferia_MyAccount_test_003">
      <properties>
         <property name="deviceName" value=""/>
         <property name="devicePlatform" value=""/>
         <property name="logFolder" value="C:\\Users\\Asus\\git\\smartproject\\Reports\\20240219_175028\\Craferia_test_suite\\Craferia_MyAccount_test_003\\20240219_175033"/>
         <property name="logFiles" value="C:\\Users\\Asus\\git\\smartproject\\Reports\\20240219_175028\\Craferia_test_suite\\Craferia_MyAccount_test_003\\20240219_175033\\execution0.log"/>
         <property name="attachments" value=""/>
         <property name="hostName" value="Asus - LAPTOP-IGM6NPC4"/>
         <property name="os" value="Windows 11 64bit"/>
         <property name="katalonVersion" value="9.2.0.212"/>
         <property name="browser" value="Chrome 121.0.0.0"/>
         <property name="hostAddress" value="192.168.0.106"/>
         <property name="sessionId" value="c570564a16202b8fc8e3f2afd25e4c89"/>
         <property name="seleniumVersion" value="3.141.59"/>
         <property name="proxyInformation" value="ProxyInformation { proxyOption=NO_PROXY, proxyServerType=HTTP, username=, password=********, proxyServerAddress=, proxyServerPort=0, executionList=&quot;&quot;, isApplyToDesiredCapabilities=true }"/>
         <property name="platform" value="Windows 11"/>
      </properties>
      <testcase name="Test Cases/testcase_003" time="52.041" classname="Test Cases/testcase_003" status="PASSED">
         <system-out><![CDATA[19-02-2024T17:51:34 - [TEST_CASE][PASSED] - Test Cases/testcase_003: Test Cases/testcase_003

19-02-2024T17:51:34 - [TEST_STEP][PASSED] - openBrowser(""): Browser is opened with url: ''

19-02-2024T17:51:35 - [MESSAGE][INFO] - Starting 'Chrome' driver

19-02-2024T17:51:35 - [MESSAGE][INFO] - Action delay is set to 0 milliseconds

19-02-2024T17:51:37 - [MESSAGE][PASSED] - Browser is opened with url: ''

19-02-2024T17:51:37 - [TEST_STEP][PASSED] - navigateToUrl("https://craferia.com/"): Navigate to 'https://craferia.com/' successfully

19-02-2024T17:51:42 - [MESSAGE][PASSED] - Navigate to 'https://craferia.com/' successfully

19-02-2024T17:51:42 - [TEST_STEP][PASSED] - setText(findTestObject("Object Repository/Page_Handicrafts Online, Indian Handicraft _c8b31e/input_s"), "bamboo"): Text 'bamboo' is set on object 'Object Repository/Page_Handicrafts Online, Indian Handicraft _c8b31e/input_s'

19-02-2024T17:51:43 - [MESSAGE][PASSED] - Text 'bamboo' is set on object 'Object Repository/Page_Handicrafts Online, Indian Handicraft _c8b31e/input_s'

19-02-2024T17:51:43 - [TEST_STEP][PASSED] - sendKeys(findTestObject("Object Repository/Page_Handicrafts Online, Indian Handicraft _c8b31e/input_s"), Keys.chord(ENTER)): Keys 'ENTER + ' sent to object: 'Object Repository/Page_Handicrafts Online, Indian Handicraft _c8b31e/input_s'

19-02-2024T17:51:44 - [MESSAGE][PASSED] - Keys 'ENTER + ' sent to object: 'Object Repository/Page_Handicrafts Online, Indian Handicraft _c8b31e/input_s'

19-02-2024T17:51:44 - [TEST_STEP][PASSED] - click(findTestObject("Object Repository/Page_You searched for bamboo - Handicrafts _82fa81/a_Add to cart")): Object: 'Object Repository/Page_You searched for bamboo - Handicrafts _82fa81/a_Add to cart' is clicked on

19-02-2024T17:51:45 - [MESSAGE][PASSED] - Object: 'Object Repository/Page_You searched for bamboo - Handicrafts _82fa81/a_Add to cart' is clicked on

19-02-2024T17:51:45 - [TEST_STEP][PASSED] - click(findTestObject("Object Repository/Page_You searched for bamboo - Handicrafts _82fa81/a_Cart")): Object: 'Object Repository/Page_You searched for bamboo - Handicrafts _82fa81/a_Cart' is clicked on

19-02-2024T17:51:57 - [MESSAGE][PASSED] - Object: 'Object Repository/Page_You searched for bamboo - Handicrafts _82fa81/a_Cart' is clicked on

19-02-2024T17:51:57 - [TEST_STEP][PASSED] - click(findTestObject("Object Repository/Page_Cart - Handicrafts Online, Indian Hand_f49c5a/a_Proceed to checkout")): Object: 'Object Repository/Page_Cart - Handicrafts Online, Indian Hand_f49c5a/a_Proceed to checkout' is clicked on

19-02-2024T17:52:00 - [MESSAGE][PASSED] - Object: 'Object Repository/Page_Cart - Handicrafts Online, Indian Hand_f49c5a/a_Proceed to checkout' is clicked on

19-02-2024T17:52:00 - [TEST_STEP][PASSED] - click(findTestObject("Object Repository/Page_Checkout - Handicrafts Online, Indian _dcf088/h1_Checkout")): Object: 'Object Repository/Page_Checkout - Handicrafts Online, Indian _dcf088/h1_Checkout' is clicked on

19-02-2024T17:52:01 - [MESSAGE][PASSED] - Object: 'Object Repository/Page_Checkout - Handicrafts Online, Indian _dcf088/h1_Checkout' is clicked on

19-02-2024T17:52:01 - [TEST_STEP][PASSED] - verifyElementText(findTestObject("Object Repository/Page_Checkout - Handicrafts Online, Indian _dcf088/h1_Checkout"), "Checkout"): Actual text and expected text of test object 'Object Repository/Page_Checkout - Handicrafts Online, Indian _dcf088/h1_Checkout' are matched.

19-02-2024T17:52:01 - [MESSAGE][PASSED] - Actual text and expected text of test object 'Object Repository/Page_Checkout - Handicrafts Online, Indian _dcf088/h1_Checkout' are matched.

19-02-2024T17:52:01 - [TEST_STEP][PASSED] - setText(findTestObject("Object Repository/Page_Checkout - Handicrafts Online, Indian _dcf088/input_billing_first_name"), "Yuv"): Text 'Yuv' is set on object 'Object Repository/Page_Checkout - Handicrafts Online, Indian _dcf088/input_billing_first_name'

19-02-2024T17:52:02 - [MESSAGE][PASSED] - Text 'Yuv' is set on object 'Object Repository/Page_Checkout - Handicrafts Online, Indian _dcf088/input_billing_first_name'

19-02-2024T17:52:02 - [TEST_STEP][PASSED] - setText(findTestObject("Object Repository/Page_Checkout - Handicrafts Online, Indian _dcf088/input_billing_last_name"), "Raj"): Text 'Raj' is set on object 'Object Repository/Page_Checkout - Handicrafts Online, Indian _dcf088/input_billing_last_name'

19-02-2024T17:52:03 - [MESSAGE][PASSED] - Text 'Raj' is set on object 'Object Repository/Page_Checkout - Handicrafts Online, Indian _dcf088/input_billing_last_name'

19-02-2024T17:52:03 - [TEST_STEP][PASSED] - setText(findTestObject("Object Repository/Page_Checkout - Handicrafts Online, Indian _dcf088/input_billing_company"), "isshduwh"): Text 'isshduwh' is set on object 'Object Repository/Page_Checkout - Handicrafts Online, Indian _dcf088/input_billing_company'

19-02-2024T17:52:03 - [MESSAGE][PASSED] - Text 'isshduwh' is set on object 'Object Repository/Page_Checkout - Handicrafts Online, Indian _dcf088/input_billing_company'

19-02-2024T17:52:03 - [TEST_STEP][PASSED] - click(findTestObject("Object Repository/Page_Checkout - Handicrafts Online, Indian _dcf088/span_India")): Object: 'Object Repository/Page_Checkout - Handicrafts Online, Indian _dcf088/span_India' is clicked on

19-02-2024T17:52:04 - [MESSAGE][PASSED] - Object: 'Object Repository/Page_Checkout - Handicrafts Online, Indian _dcf088/span_India' is clicked on

19-02-2024T17:52:04 - [TEST_STEP][PASSED] - setText(findTestObject("Object Repository/Page_Checkout - Handicrafts Online, Indian _dcf088/input_billing_address_1"), "jijsgugug"): Text 'jijsgugug' is set on object 'Object Repository/Page_Checkout - Handicrafts Online, Indian _dcf088/input_billing_address_1'

19-02-2024T17:52:05 - [MESSAGE][PASSED] - Text 'jijsgugug' is set on object 'Object Repository/Page_Checkout - Handicrafts Online, Indian _dcf088/input_billing_address_1'

19-02-2024T17:52:05 - [TEST_STEP][PASSED] - setText(findTestObject("Object Repository/Page_Checkout - Handicrafts Online, Indian _dcf088/input_billing_address_2"), "jhsduhwudhu"): Text 'jhsduhwudhu' is set on object 'Object Repository/Page_Checkout - Handicrafts Online, Indian _dcf088/input_billing_address_2'

19-02-2024T17:52:06 - [MESSAGE][PASSED] - Text 'jhsduhwudhu' is set on object 'Object Repository/Page_Checkout - Handicrafts Online, Indian _dcf088/input_billing_address_2'

19-02-2024T17:52:06 - [TEST_STEP][PASSED] - setText(findTestObject("Object Repository/Page_Checkout - Handicrafts Online, Indian _dcf088/input_billing_city"), "Mumbai"): Text 'Mumbai' is set on object 'Object Repository/Page_Checkout - Handicrafts Online, Indian _dcf088/input_billing_city'

19-02-2024T17:52:06 - [MESSAGE][PASSED] - Text 'Mumbai' is set on object 'Object Repository/Page_Checkout - Handicrafts Online, Indian _dcf088/input_billing_city'

19-02-2024T17:52:07 - [TEST_STEP][PASSED] - click(findTestObject("Object Repository/Page_Checkout - Handicrafts Online, Indian _dcf088/span_Delhi")): Object: 'Object Repository/Page_Checkout - Handicrafts Online, Indian _dcf088/span_Delhi' is clicked on

19-02-2024T17:52:07 - [MESSAGE][PASSED] - Object: 'Object Repository/Page_Checkout - Handicrafts Online, Indian _dcf088/span_Delhi' is clicked on

19-02-2024T17:52:07 - [TEST_STEP][PASSED] - setText(findTestObject("Object Repository/Page_Checkout - Handicrafts Online, Indian _dcf088/input_billing_postcode"), "400043"): Text '400043' is set on object 'Object Repository/Page_Checkout - Handicrafts Online, Indian _dcf088/input_billing_postcode'

19-02-2024T17:52:08 - [MESSAGE][PASSED] - Text '400043' is set on object 'Object Repository/Page_Checkout - Handicrafts Online, Indian _dcf088/input_billing_postcode'

19-02-2024T17:52:08 - [TEST_STEP][PASSED] - setText(findTestObject("Object Repository/Page_Checkout - Handicrafts Online, Indian _dcf088/input_billing_phone"), "7666339728"): Text '7666339728' is set on object 'Object Repository/Page_Checkout - Handicrafts Online, Indian _dcf088/input_billing_phone'

19-02-2024T17:52:09 - [MESSAGE][PASSED] - Text '7666339728' is set on object 'Object Repository/Page_Checkout - Handicrafts Online, Indian _dcf088/input_billing_phone'

19-02-2024T17:52:09 - [TEST_STEP][PASSED] - setText(findTestObject("Object Repository/Page_Checkout - Handicrafts Online, Indian _dcf088/input_billing_email"), "yuv@gmail.com"): Text 'yuv@gmail.com' is set on object 'Object Repository/Page_Checkout - Handicrafts Online, Indian _dcf088/input_billing_email'

19-02-2024T17:52:10 - [MESSAGE][PASSED] - Text 'yuv@gmail.com' is set on object 'Object Repository/Page_Checkout - Handicrafts Online, Indian _dcf088/input_billing_email'

19-02-2024T17:52:10 - [TEST_STEP][PASSED] - click(findTestObject("Object Repository/Page_Checkout - Handicrafts Online, Indian _dcf088/button_Place order")): Object: 'Object Repository/Page_Checkout - Handicrafts Online, Indian _dcf088/button_Place order' is clicked on

19-02-2024T17:52:10 - [MESSAGE][PASSED] - Object: 'Object Repository/Page_Checkout - Handicrafts Online, Indian _dcf088/button_Place order' is clicked on

19-02-2024T17:52:10 - [TEST_STEP][PASSED] - click(findTestObject("Object Repository/Page_Checkout - Handicrafts Online, Indian _dcf088/h1_Order received")): Object: 'Object Repository/Page_Checkout - Handicrafts Online, Indian _dcf088/h1_Order received' is clicked on

19-02-2024T17:52:24 - [MESSAGE][PASSED] - Object: 'Object Repository/Page_Checkout - Handicrafts Online, Indian _dcf088/h1_Order received' is clicked on

19-02-2024T17:52:24 - [TEST_STEP][PASSED] - verifyElementPresent(findTestObject("Object Repository/Page_Checkout - Handicrafts Online, Indian _dcf088/h1_Order received"), 0): Object 'Object Repository/Page_Checkout - Handicrafts Online, Indian _dcf088/h1_Order received' is present

19-02-2024T17:52:24 - [MESSAGE][WARNING] - Timeout '0' is invalid. Using default page load timeout: '30'

19-02-2024T17:52:25 - [MESSAGE][PASSED] - Object 'Object Repository/Page_Checkout - Handicrafts Online, Indian _dcf088/h1_Order received' is present

19-02-2024T17:52:25 - [TEST_STEP][PASSED] - click(findTestObject("Object Repository/Page_Checkout - Handicrafts Online, Indian _dcf088/header_Order received")): Object: 'Object Repository/Page_Checkout - Handicrafts Online, Indian _dcf088/header_Order received' is clicked on

19-02-2024T17:52:25 - [MESSAGE][PASSED] - Object: 'Object Repository/Page_Checkout - Handicrafts Online, Indian _dcf088/header_Order received' is clicked on

19-02-2024T17:52:25 - [TEST_STEP][PASSED] - click(findTestObject("Object Repository/Page_Checkout - Handicrafts Online, Indian _dcf088/a_Dismiss")): Object: 'Object Repository/Page_Checkout - Handicrafts Online, Indian _dcf088/a_Dismiss' is clicked on

19-02-2024T17:52:25 - [MESSAGE][PASSED] - Object: 'Object Repository/Page_Checkout - Handicrafts Online, Indian _dcf088/a_Dismiss' is clicked on

19-02-2024T17:52:25 - [TEST_STEP][PASSED] - closeBrowser(): Browser is closed

19-02-2024T17:52:26 - [MESSAGE][PASSED] - Browser is closed]]></system-out>
         <system-err><![CDATA[]]></system-err>
      </testcase>
      <system-out><![CDATA[19-02-2024T17:51:33 - [TEST_SUITE][PASSED] - Craferia_MyAccount_test_003: Test Cases/testcase_003]]></system-out>
      <system-err><![CDATA[]]></system-err>
   </testsuite>
</testsuites>
