<?xml version="1.0" encoding="UTF-8"?>
<testsuites name="Craferia_MyAccount_login" time="29.517" tests="2" failures="0" errors="0">
   <testsuite name="Craferia_MyAccount_login" tests="2" failures="0" errors="0" time="29.517" skipped="0" timestamp="21-02-2024T19:03:26" hostname="Asus - LAPTOP-IGM6NPC4" id="Test Suites/Craferia_test_suite/Craferia_MyAccount_login">
      <properties>
         <property name="deviceName" value=""/>
         <property name="devicePlatform" value=""/>
         <property name="logFolder" value="C:\\Users\\Asus\\git\\smartproject\\Reports\\20240221_190319\\Craferia_test_suite\\Craferia_MyAccount_login\\20240221_190319"/>
         <property name="logFiles" value="C:\\Users\\Asus\\git\\smartproject\\Reports\\20240221_190319\\Craferia_test_suite\\Craferia_MyAccount_login\\20240221_190319\\execution0.log"/>
         <property name="attachments" value=""/>
         <property name="hostName" value="Asus - LAPTOP-IGM6NPC4"/>
         <property name="os" value="Windows 11 64bit"/>
         <property name="katalonVersion" value="9.2.0.212"/>
         <property name="browser" value="Chrome 121.0.0.0"/>
         <property name="hostAddress" value="192.168.0.106"/>
         <property name="sessionId" value="f566526eda7849cf1dfd970a0b08559c"/>
         <property name="seleniumVersion" value="3.141.59"/>
         <property name="proxyInformation" value="ProxyInformation { proxyOption=NO_PROXY, proxyServerType=HTTP, username=, password=********, proxyServerAddress=, proxyServerPort=0, executionList=&quot;&quot;, isApplyToDesiredCapabilities=true }"/>
         <property name="platform" value="Windows 11"/>
      </properties>
      <testcase name="Test Cases/tc_craferia_login" time="18.391" classname="Test Cases/tc_craferia_login" status="PASSED">
         <system-out><![CDATA[21-02-2024T19:03:26 - [TEST_CASE][PASSED] - Test Cases/tc_craferia_login: Test Cases/tc_craferia_login

21-02-2024T19:03:26 - [TEST_STEP][PASSED] - Start listener action : sampleBeforeTestCase: null

21-02-2024T19:03:26 - [TEST_STEP][PASSED] - println(testCaseContext.getTestCaseId()): null

21-02-2024T19:03:26 - [TEST_STEP][PASSED] - println(testCaseContext.getTestCaseVariables()): null

21-02-2024T19:03:27 - [TEST_STEP][PASSED] - openBrowser(""): Browser is opened with url: ''

21-02-2024T19:03:27 - [MESSAGE][INFO] - Starting 'Chrome' driver

21-02-2024T19:03:27 - [MESSAGE][INFO] - Action delay is set to 0 milliseconds

21-02-2024T19:03:29 - [MESSAGE][PASSED] - Browser is opened with url: ''

21-02-2024T19:03:29 - [TEST_STEP][PASSED] - navigateToUrl("https://craferia.com/"): Navigate to 'https://craferia.com/' successfully

21-02-2024T19:03:33 - [MESSAGE][PASSED] - Navigate to 'https://craferia.com/' successfully

21-02-2024T19:03:33 - [TEST_STEP][PASSED] - click(findTestObject("Object Repository/Page_Handicrafts Online, Indian Handicraft _c8b31e/a_My account")): Object: 'Object Repository/Page_Handicrafts Online, Indian Handicraft _c8b31e/a_My account' is clicked on

21-02-2024T19:03:40 - [MESSAGE][PASSED] - Object: 'Object Repository/Page_Handicrafts Online, Indian Handicraft _c8b31e/a_My account' is clicked on

21-02-2024T19:03:40 - [TEST_STEP][PASSED] - setText(findTestObject("Object Repository/Page_My account - Handicrafts Online, India_2ab468/input_username"), username): Text 'yuviii' is set on object 'Object Repository/Page_My account - Handicrafts Online, India_2ab468/input_username'

21-02-2024T19:03:41 - [MESSAGE][PASSED] - Text 'yuviii' is set on object 'Object Repository/Page_My account - Handicrafts Online, India_2ab468/input_username'

21-02-2024T19:03:41 - [TEST_STEP][PASSED] - setText(findTestObject("Object Repository/Page_My account - Handicrafts Online, India_2ab468/input_password"), password): Text 'huuhfchuhfu' is set on object 'Object Repository/Page_My account - Handicrafts Online, India_2ab468/input_password'

21-02-2024T19:03:41 - [MESSAGE][PASSED] - Text 'huuhfchuhfu' is set on object 'Object Repository/Page_My account - Handicrafts Online, India_2ab468/input_password'

21-02-2024T19:03:41 - [TEST_STEP][PASSED] - click(findTestObject("Object Repository/Page_My account - Handicrafts Online, India_2ab468/input_rememberme")): Object: 'Object Repository/Page_My account - Handicrafts Online, India_2ab468/input_rememberme' is clicked on

21-02-2024T19:03:42 - [MESSAGE][PASSED] - Object: 'Object Repository/Page_My account - Handicrafts Online, India_2ab468/input_rememberme' is clicked on

21-02-2024T19:03:42 - [TEST_STEP][PASSED] - click(findTestObject("Object Repository/Page_My account - Handicrafts Online, India_2ab468/button_Log in")): Object: 'Object Repository/Page_My account - Handicrafts Online, India_2ab468/button_Log in' is clicked on

21-02-2024T19:03:44 - [MESSAGE][PASSED] - Object: 'Object Repository/Page_My account - Handicrafts Online, India_2ab468/button_Log in' is clicked on

21-02-2024T19:03:44 - [TEST_STEP][PASSED] - click(findTestObject("Object Repository/Page_My account - Handicrafts Online, India_2ab468/li_Unknown email address. Check again or tr_bf33d3")): Object: 'Object Repository/Page_My account - Handicrafts Online, India_2ab468/li_Unknown email address. Check again or tr_bf33d3' is clicked on

21-02-2024T19:03:44 - [MESSAGE][PASSED] - Object: 'Object Repository/Page_My account - Handicrafts Online, India_2ab468/li_Unknown email address. Check again or tr_bf33d3' is clicked on

21-02-2024T19:03:44 - [TEST_STEP][PASSED] - click(findTestObject("Object Repository/Page_My account - Handicrafts Online, India_2ab468/a_Dismiss")): Object: 'Object Repository/Page_My account - Handicrafts Online, India_2ab468/a_Dismiss' is clicked on

21-02-2024T19:03:44 - [MESSAGE][PASSED] - Object: 'Object Repository/Page_My account - Handicrafts Online, India_2ab468/a_Dismiss' is clicked on

21-02-2024T19:03:44 - [TEST_STEP][PASSED] - closeBrowser(): Browser is closed

21-02-2024T19:03:45 - [MESSAGE][PASSED] - Browser is closed

21-02-2024T19:03:45 - [TEST_STEP][PASSED] - Start listener action : sampleAfterTestCase: null

21-02-2024T19:03:45 - [TEST_STEP][PASSED] - println(testCaseContext.getTestCaseId()): null

21-02-2024T19:03:45 - [TEST_STEP][PASSED] - println(testCaseContext.getTestCaseStatus()): null]]></system-out>
         <system-err><![CDATA[]]></system-err>
      </testcase>
      <testcase name="Test Cases/tc_craferia_login" time="10.558" classname="Test Cases/tc_craferia_login" status="PASSED">
         <system-out><![CDATA[21-02-2024T19:03:45 - [TEST_CASE][PASSED] - Test Cases/tc_craferia_login: Test Cases/tc_craferia_login

21-02-2024T19:03:45 - [TEST_STEP][PASSED] - Start listener action : sampleBeforeTestCase: null

21-02-2024T19:03:45 - [TEST_STEP][PASSED] - println(testCaseContext.getTestCaseId()): null

21-02-2024T19:03:45 - [TEST_STEP][PASSED] - println(testCaseContext.getTestCaseVariables()): null

21-02-2024T19:03:45 - [TEST_STEP][PASSED] - openBrowser(""): Browser is opened with url: ''

21-02-2024T19:03:45 - [MESSAGE][INFO] - Starting 'Chrome' driver

21-02-2024T19:03:45 - [MESSAGE][INFO] - Action delay is set to 0 milliseconds

21-02-2024T19:03:46 - [MESSAGE][PASSED] - Browser is opened with url: ''

21-02-2024T19:03:46 - [TEST_STEP][PASSED] - navigateToUrl("https://craferia.com/"): Navigate to 'https://craferia.com/' successfully

21-02-2024T19:03:49 - [MESSAGE][PASSED] - Navigate to 'https://craferia.com/' successfully

21-02-2024T19:03:49 - [TEST_STEP][PASSED] - click(findTestObject("Object Repository/Page_Handicrafts Online, Indian Handicraft _c8b31e/a_My account")): Object: 'Object Repository/Page_Handicrafts Online, Indian Handicraft _c8b31e/a_My account' is clicked on

21-02-2024T19:03:51 - [MESSAGE][PASSED] - Object: 'Object Repository/Page_Handicrafts Online, Indian Handicraft _c8b31e/a_My account' is clicked on

21-02-2024T19:03:51 - [TEST_STEP][PASSED] - setText(findTestObject("Object Repository/Page_My account - Handicrafts Online, India_2ab468/input_username"), username): Text 'chirrrr' is set on object 'Object Repository/Page_My account - Handicrafts Online, India_2ab468/input_username'

21-02-2024T19:03:52 - [MESSAGE][PASSED] - Text 'chirrrr' is set on object 'Object Repository/Page_My account - Handicrafts Online, India_2ab468/input_username'

21-02-2024T19:03:52 - [TEST_STEP][PASSED] - setText(findTestObject("Object Repository/Page_My account - Handicrafts Online, India_2ab468/input_password"), password): Text 'bdjfufbrfhru' is set on object 'Object Repository/Page_My account - Handicrafts Online, India_2ab468/input_password'

21-02-2024T19:03:53 - [MESSAGE][PASSED] - Text 'bdjfufbrfhru' is set on object 'Object Repository/Page_My account - Handicrafts Online, India_2ab468/input_password'

21-02-2024T19:03:53 - [TEST_STEP][PASSED] - click(findTestObject("Object Repository/Page_My account - Handicrafts Online, India_2ab468/input_rememberme")): Object: 'Object Repository/Page_My account - Handicrafts Online, India_2ab468/input_rememberme' is clicked on

21-02-2024T19:03:53 - [MESSAGE][PASSED] - Object: 'Object Repository/Page_My account - Handicrafts Online, India_2ab468/input_rememberme' is clicked on

21-02-2024T19:03:53 - [TEST_STEP][PASSED] - click(findTestObject("Object Repository/Page_My account - Handicrafts Online, India_2ab468/button_Log in")): Object: 'Object Repository/Page_My account - Handicrafts Online, India_2ab468/button_Log in' is clicked on

21-02-2024T19:03:54 - [MESSAGE][PASSED] - Object: 'Object Repository/Page_My account - Handicrafts Online, India_2ab468/button_Log in' is clicked on

21-02-2024T19:03:54 - [TEST_STEP][PASSED] - click(findTestObject("Object Repository/Page_My account - Handicrafts Online, India_2ab468/li_Unknown email address. Check again or tr_bf33d3")): Object: 'Object Repository/Page_My account - Handicrafts Online, India_2ab468/li_Unknown email address. Check again or tr_bf33d3' is clicked on

21-02-2024T19:03:55 - [MESSAGE][PASSED] - Object: 'Object Repository/Page_My account - Handicrafts Online, India_2ab468/li_Unknown email address. Check again or tr_bf33d3' is clicked on

21-02-2024T19:03:55 - [TEST_STEP][PASSED] - click(findTestObject("Object Repository/Page_My account - Handicrafts Online, India_2ab468/a_Dismiss")): Object: 'Object Repository/Page_My account - Handicrafts Online, India_2ab468/a_Dismiss' is clicked on

21-02-2024T19:03:55 - [MESSAGE][PASSED] - Object: 'Object Repository/Page_My account - Handicrafts Online, India_2ab468/a_Dismiss' is clicked on

21-02-2024T19:03:55 - [TEST_STEP][PASSED] - closeBrowser(): Browser is closed

21-02-2024T19:03:55 - [MESSAGE][PASSED] - Browser is closed

21-02-2024T19:03:55 - [TEST_STEP][PASSED] - Start listener action : sampleAfterTestCase: null

21-02-2024T19:03:55 - [TEST_STEP][PASSED] - println(testCaseContext.getTestCaseId()): null

21-02-2024T19:03:55 - [TEST_STEP][PASSED] - println(testCaseContext.getTestCaseStatus()): null]]></system-out>
         <system-err><![CDATA[]]></system-err>
      </testcase>
      <system-out><![CDATA[21-02-2024T19:03:26 - [TEST_SUITE][PASSED] - Craferia_MyAccount_login: Test Cases/tc_craferia_login]]></system-out>
      <system-err><![CDATA[]]></system-err>
   </testsuite>
</testsuites>
